160
2 47 275
2 240 443
2 326 67
2 482 184
2 33 406
2 190 126
2 165 366
2 135 441
2 197 29
2 97 122
2 248 35
2 252 131
2 150 102
2 12 469
2 96 93
2 140 420
2 103 333
2 418 465
2 130 28
2 286 142
2 250 300
2 415 287
2 125 423
2 118 369
2 313 241
2 458 464
2 196 110
2 243 246
2 143 84
2 493 471
2 354 312
2 229 457
2 335 211
2 146 145
2 317 316
2 404 297
2 220 346
2 127 327
2 480 426
2 349 483
3 198 398 462
3 153 141 151
3 446 120 164
3 274 310 395
3 394 284 261
3 264 453 50
3 350 9 99
3 0 121 359
3 149 155 363
3 163 38 59
3 48 432 79
3 200 258 463
3 341 451 496
3 218 448 172
3 371 207 148
3 376 491 401
3 159 34 438
3 54 236 249
3 320 25 375
3 283 147 41
3 372 288 32
3 187 46 444
3 277 304 449
3 231 400 390
3 302 387 473
3 169 157 279
3 422 386 55
3 26 431 210
3 214 490 61
3 245 430 486
3 429 170 416
3 385 5 89
3 472 242 367
3 247 213 95
3 497 402 336
3 365 111 437
3 107 362 166
3 452 10 391
3 278 328 234
3 356 129 329
3 162 100 424
3 319 80 233
3 405 268 201
3 108 177 56
3 60 136 174
3 445 203 442
3 298 235 237
3 439 255 325
3 66 117 113
3 71 244 221
3 379 208 186
3 293 7 267
3 256 470 62
3 92 409 124
3 479 14 133
3 137 40 447
3 378 389 290
3 292 109 408
3 345 425 318
3 475 36 251
4 306 209 478 440
4 309 171 331 315
4 308 191 49 299
4 194 281 454 37
4 161 421 176 436
4 305 322 206 476
4 330 205 265 413
4 1 43 338 51
4 215 21 344 222
4 450 342 227 414
4 74 189 368 253
4 88 154 75 357
4 86 291 87 30
4 212 168 85 270
4 352 42 355 57
4 321 485 380 334
4 374 382 17 82
4 94 167 492 481
4 358 63 202 224
4 77 410 295 223
4 484 81 257 260
4 182 456 487 399
4 272 105 343 266
4 58 115 296 301
4 381 68 158 116
4 64 160 477 417
4 106 73 173 4
4 11 370 39 468
4 13 494 65 412
4 193 488 139 435
4 273 188 70 280
4 373 239 314 419
4 123 134 204 271
4 199 104 18 285
4 323 15 489 499
4 232 219 403 132
4 225 69 397 311
4 324 396 76 339
4 3 98 388 22
4 262 495 101 303
4 179 433 474 192
4 180 498 195 238
4 230 427 353 276
4 20 45 307 24
4 226 294 19 377
4 53 83 407 156
4 263 152 114 2
4 44 16 364 27
4 31 332 455 459
4 361 138 52 178
4 466 72 411 8
4 347 467 259 112
4 144 23 183 351
4 428 254 393 337
4 384 6 228 185
4 434 217 282 78
4 175 348 216 119
4 91 289 340 360
4 90 181 383 460
4 128 461 392 269
