160
4 28 35 93 97
4 190 196 197 252
4 286 333 369 420
4 423 441 12 33
4 47 20 165 300
4 326 15 482 1
4 14 193 21 256
4 279 5 299 306
4 315 34 322 330
4 421 240 454 7
4 17 52 86 154
4 189 23 6 212
4 334 3 8 352
4 358 60 414 492
4 11 123 55 64
4 72 71 121 73
4 120 219 141 156
4 158 187 159 170
4 182 147 213 266
4 301 19 10 319
4 337 350 410 443
4 462 225 13 484
4 495 175 0 38
4 48 214 90 108
4 111 486 113 155
4 166 105 218 210
4 221 18 139 234
4 261 405 188 264
4 298 199 31 310
4 329 24 117 371
4 376 452 434 448
4 451 360 27 463
4 475 294 41 61
4 181 356 25 208
4 231 396 36 236
4 249 149 56 22
4 258 273 79 271
4 277 445 95 288
4 292 99 59 46
4 311 177 353 320
4 324 91 449 367
4 385 89 115 40
4 387 192 45 69
4 409 203 124 116
4 419 498 136 430
4 433 230 235 152
4 439 345 160 174
4 455 263 472 473
4 499 302 164 29
4 65 180 388 200
4 162 394 112 362
4 163 283 16 32
4 201 348 81 44
4 242 328 80 106
4 268 412 50 107
4 276 467 185 207
4 278 351 204 4
4 336 424 474 100
4 364 26 109 259
4 375 429 247 284
3 384 76 128
3 391 407 251
3 392 397 237
3 399 78 114
3 400 422 138
3 403 442 153
3 427 144 274
3 431 148 226
3 437 459 245
3 438 254 282
3 444 66 289
3 447 280 401
3 497 54 295
3 70 92 339
3 101 119 285
3 104 132 267
3 129 151 363
3 172 198 304
3 186 233 373
3 195 244 307
3 217 325 359
3 269 361 378
3 332 365 395
3 341 377 453
3 347 379 460
3 372 390 468
3 411 425 490
3 432 2 9
3 446 30 37
3 450 39 42
3 461 43 49
3 494 53 57
3 51 58 62
3 63 67 74
3 68 75 77
3 82 83 85
3 84 87 88
3 94 96 98
3 102 103 118
3 110 122 125
3 126 127 130
3 131 133 134
3 135 137 140
3 142 143 145
3 146 150 157
3 161 167 168
3 169 171 173
3 176 178 179
3 183 184 191
3 194 202 206
3 205 209 215
3 211 216 222
3 220 223 224
3 227 228 229
3 232 238 239
3 241 243 246
3 248 250 253
3 255 257 260
3 262 265 270
3 272 275 287
2 281 290
2 291 293
2 296 297
2 303 305
2 308 309
2 312 313
2 314 316
2 317 321
2 318 323
2 327 331
2 335 338
2 340 342
2 343 344
2 346 349
2 354 355
2 357 366
2 368 370
2 374 380
2 381 383
2 382 386
2 389 393
2 398 402
2 404 406
2 408 413
2 415 416
2 417 418
2 426 428
2 435 436
2 440 456
2 457 458
2 464 465
2 466 469
2 470 471
2 476 477
2 478 479
2 480 481
2 483 485
2 487 488
2 489 491
2 493 496
