1628
4 5357 5913 9906 6404
4 5121 6584 3629 8785
4 8148 1737 4386 7529
4 421 3987 8197 6735
4 2589 2094 5583 998
4 6255 5796 9487 7710
4 5231 1756 7569 7704
4 2584 6312 6632 8873
4 8754 7262 2489 7444
4 2395 398 9612 8407
4 6655 5905 59 9004
4 2861 7796 6459 5515
4 7923 5886 604 7064
4 8452 8733 8189 6839
4 820 9213 1248 4318
4 1729 4449 9529 8603
4 7549 3904 9354 4233
4 4848 7108 5416 9620
4 8437 2545 4574 8479
4 1524 5744 1287 3697
4 9483 4004 9131 9383
4 4100 4041 847 6476
4 6823 2155 9247 4863
4 3626 5427 4631 3135
4 1396 370 2061 5363
4 973 2222 2687 4644
4 3015 7168 2117 7792
4 6668 1561 453 3505
4 1492 7100 9618 1423
4 2752 8284 2843 1385
4 5570 8004 9765 2932
4 44 3273 8854 5616
4 461 2345 6640 8591
4 8775 9813 8287 3295
4 4036 674 3715 5090
4 2096 5918 2935 666
4 6639 6762 2598 2331
4 3420 1114 7936 5251
4 1556 6756 8384 8689
4 4695 8119 1081 1388
4 3825 6196 683 4147
4 1677 5989 9959 948
4 5001 5592 864 9888
4 7525 4106 6613 3942
4 9818 5211 4473 8585
4 5526 8911 5083 7515
4 8320 5052 936 4194
4 9128 2968 132 7369
4 3149 3484 4670 8240
4 2459 8777 8814 2723
4 2819 2246 9256 752
4 7819 3457 962 8392
4 7577 876 8837 8991
4 7863 3176 110 684
4 7939 7950 7368 2728
4 7208 2212 7290 5791
4 371 4808 9267 8641
4 2196 2499 714 3656
4 7101 8636 9614 4090
4 281 63 2064 4916
4 6240 5651 9894 1101
4 5602 7259 3678 2548
4 2475 1013 839 7945
4 9019 3024 1004 5048
4 7834 4405 3765 6170
4 1491 4961 1071 1115
4 7198 5945 8152 7937
4 9965 2124 3272 3647
4 4685 5042 3795 384
4 1233 9986 1734 4702
4 3302 6677 7104 4579
4 2141 6782 6495 7135
4 9295 854 336 1164
4 2008 2080 1214 2115
4 2070 5773 5101 4430
4 7927 443 2922 8058
4 1707 7201 4917 4957
4 5046 7896 4788 3499
4 7540 5214 7825 7409
4 2558 6702 8063 49
4 8639 7202 1146 976
4 1341 4964 3463 4509
4 5653 4886 6381 818
4 7961 9307 9568 5295
4 1830 7313 5772 82
4 6176 8612 4983 5982
4 3792 3047 3096 2228
4 6107 5713 7757 3940
4 7595 9305 2964 1353
4 3607 6252 1210 3896
4 4135 2274 8485 8608
4 4874 636 3309 887
4 2727 3228 6168 3566
4 8338 1851 4925 3293
4 4322 6550 4406 7305
4 7136 8322 4240 5310
4 7543 1203 9129 6935
4 71 7516 1988 9866
4 9433 8745 4940 5625
4 7551 7 1955 1671
4 7145 1812 47 9527
4 9795 1322 1450 5383
4 4185 4131 7326 7579
4 8116 4141 4167 3437
4 5219 594 8465 9
4 2456 8851 4637 2259
4 3114 766 1094 7359
4 9552 7231 1934 3686
4 4235 9539 532 5652
4 3042 1713 5006 5873
4 3142 5494 9525 4074
4 1742 2686 7715 8803
4 4655 4561 3072 2962
4 7583 9263 2481 9690
4 3844 727 1050 8553
4 4657 6957 4112 3357
4 723 4102 8250 9235
4 1895 62 4475 6129
4 4847 2293 7088 9532
4 7083 7447 2759 1946
4 8387 7196 3196 954
4 9917 213 3519 859
4 2982 2736 9196 4320
4 4374 7308 8332 9946
4 8736 1418 9063 2726
4 7032 8375 8010 5163
4 7648 1724 2342 3337
4 1591 2060 8193 8767
4 2045 4619 6611 2652
4 6547 5777 9106 2340
4 4076 1568 6178 2544
4 6882 3689 7725 4490
4 5904 9119 8644 1433
4 850 992 4638 3672
4 4402 3155 2642 2085
4 5172 2749 9966 120
4 4912 4995 6558 3757
4 1621 9576 8626 3542
4 3170 5729 5686 6038
4 9747 7494 3781 586
4 3648 9344 6534 7851
4 3775 8601 2828 4550
4 201 3257 6567 8478
4 6913 774 7643 5931
4 7451 8397 7814 7148
4 4139 2628 3593 2323
4 6571 7464 1763 403
4 8138 8186 2870 6134
4 3889 9542 328 4150
4 5156 3112 2862 4058
4 7545 3475 676 7862
4 4244 3376 18 58
4 9302 2300 8997 6537
4 2795 8865 6467 4959
4 2308 9713 7079 9151
4 9275 5081 8187 9559
4 6927 2036 8233 2814
4 1383 4044 3708 8267
4 2213 8115 8242 5366
4 4390 3451 6147 6171
4 7316 3869 3840 9528
4 9900 446 7166 8259
4 4480 778 7445 5845
4 1711 8506 3842 2305
4 5609 7703 2123 7673
4 8616 1049 2160 9243
4 8849 1936 3526 5540
4 1160 3583 11 9873
4 8079 2243 2267 4837
4 9320 654 2313 8430
4 1839 8094 3126 6359
4 245 6123 1509 1136
4 5096 333 3913 7267
4 8101 8167 9605 6050
4 1552 2985 8509 7726
4 2023 9514 3950 9921
4 5359 7953 687 2944
4 7944 9374 7385 8286
4 4284 373 6580 5324
4 5136 8036 1767 2282
4 4551 4902 6777 3745
4 5854 2535 2920 9784
4 6300 3106 7522 5209
4 7008 706 6842 4498
4 8367 3618 7466 1231
4 1845 3253 6481 9289
4 3632 2203 9340 65
4 3899 7922 177 9856
4 1427 4690 8348 7026
4 2674 5665 463 8701
4 2817 6985 593 9942
4 6060 9283 6989 5600
4 2718 7700 9732 2994
4 9722 7920 8026 1359
4 3002 8563 4965 7756
4 5622 780 3083 1096
4 4151 6638 7050 2941
4 5919 9111 9691 4516
4 8346 8047 6582 3229
4 1996 2572 6329 8697
4 8721 745 1357 1817
4 6313 8253 1085 2364
4 7212 8834 9778 9649
4 2619 1372 522 4951
4 9252 717 2571 7209
4 1336 103 3356 6363
4 3485 9366 6316 2009
4 4137 9443 5962 565
4 2802 9779 251 4351
4 4582 8477 1861 2112
4 8839 67 6477 6426
4 709 8811 2905 3368
4 4352 3443 6994 2351
4 6602 9751 9123 645
4 2647 9365 5909 4259
4 5891 257 7119 6
4 8199 1340 5492 2536
4 9154 3089 171 7629
4 5793 1202 1510 2095
4 9124 214 1976 332
4 7671 1787 7981 8751
4 8614 6415 7330 9325
4 3379 3496 4884 7911
4 9585 1701 1344 9806
4 2162 4477 7489 3214
4 4134 9546 9629 8947
4 4293 5239 3308 1001
4 4357 60 3062 8200
4 5593 2957 9363 188
4 1820 4867 9968 4557
4 5544 6666 8501 1717
4 8163 9930 9511 5330
4 8923 877 750 5244
4 5149 8529 1975 9974
4 6914 8003 5733 6956
4 8835 1740 4222 5518
4 5236 7057 6297 5991
4 7934 5332 1505 1351
4 8779 1800 8651 8658
4 4711 7391 321 7613
4 6342 4727 296 2776
4 1564 4977 4331 3750
4 9545 6188 7415 7677
4 924 1883 1249 9166
4 1364 7439 2575 1965
4 3730 7153 4696 7344
4 8040 1522 5529 2245
4 8431 7210 7647 9962
4 3120 8990 1747 2509
4 4572 5970 8915 9426
4 5758 791 7699 8449
4 9419 5131 8168 5488
4 3579 9550 6738 3473
4 4161 4415 5028 96
4 4717 5808 8579 1743
4 5683 767 1061 8056
4 5835 6616 2265 7824
4 7972 2573 8418 5074
4 1714 3655 2043 6042
4 5728 6419 301 9341
4 9271 6273 902 55
4 9397 6627 3087 7250
4 1673 3845 264 8866
4 9569 8470 8548 1200
4 631 385 1523 3830
4 2952 3223 1636 197
4 5720 4870 8607 1889
4 6144 1178 6742 9626
4 773 1508 9853 2809
4 797 8625 3167 6410
4 3834 7524 2089 8702
4 9566 407 9572 6226
4 3306 2055 9797 8487
4 5155 4960 9048 5553
4 6309 6336 6377 4367
4 3137 1476 8132 5864
4 3978 7155 1810 9250
4 8659 6192 3905 7436
4 4600 2612 5375 1948
4 7567 8183 4649 5610
4 7748 3673 730 278
4 3557 3271 4079 3791
4 1228 6384 1998 4861
4 2486 9689 4043 9718
4 3870 875 8671 3001
4 4524 9952 6769 283
4 4200 2353 6198 3
4 6058 6028 3857 1912
4 5308 9843 8707 8940
4 6747 5476 5170 2912
4 9265 7253 8172 7302
4 9746 85 1140 3367
4 1429 6662 2000 9871
4 3944 3997 8204 432
4 1483 8677 263 7412
4 6010 1853 915 7443
4 9078 3278 1040 884
4 8297 4706 836 4527
4 9507 7118 2927 8453
4 1587 5203 4179 1720
4 4532 3028 6012 7880
4 6578 9755 6981 8442
4 4469 4607 995 6146
4 5207 3728 3022 6110
4 6483 5849 7696 9695
4 7095 7103 7978 1378
4 8683 8670 5803 634
4 513 2585 3885 6757
4 6320 1037 8964 1253
4 464 3508 7319 4474
4 1224 4883 7618 7296
4 1821 8929 7617 1681
4 2877 3518 8722 3877
4 4565 4617 3736 4307
4 6370 1708 7861 3561
4 7603 8750 1073 1542
4 3037 5197 5174 1923
4 6444 1684 9908 1526
4 6498 3362 2939 8895
4 8932 3248 1117 4871
4 3375 137 8692 5785
4 4786 1484 7759 9464
4 9359 2627 2937 7536
4 559 5902 8524 4439
4 1116 4361 9599 8328
4 1152 4521 2488 5278
4 1154 5462 1571 6367
4 4038 9880 2592 6296
4 520 8874 7678 2798
4 3892 3853 8637 7870
4 3511 9197 7823 916
4 4292 4975 5823 3055
4 8956 6231 7041 3107
4 8466 5341 5547 17
4 1261 3544 6656 172
4 1833 970 56 1712
4 5839 7178 2600 4946
4 9769 6577 6605 7463
4 9849 4668 6965 174
4 1361 9961 9907 5705
4 2566 9425 1726 7255
4 5941 8527 5378 9984
4 6220 5441 846 5998
4 2185 5503 6938 529
4 760 7130 10 7215
4 2368 145 3050 6389
4 5548 8516 6715 688
4 7238 3769 5250 7363
4 4604 738 2106 844
4 9014 1430 3969 4731
4 9350 1570 1234 5151
4 297 3746 3516 4663
4 451 525 5563 1765
4 5446 1601 3134 6856
4 7740 2716 208 6583
4 8363 9092 8714 1122
4 8931 1487 923 5271
4 5649 1197 5325 6752
4 9168 5118 5579 6205
4 556 6540 912 7778
4 1827 7218 6364 9597
4 2165 6526 2766 926
4 6266 7624 139 4093
4 9741 9121 9161 1963
4 9895 3104 7149 3540
4 164 6133 8239 6396
4 2407 2295 2221 2007
4 117 2649 4491 8673
4 3258 1589 7558 9214
4 4990 7518 5013 8081
4 8833 4230 9182 5017
4 9450 3674 2484 1648
4 5007 211 2804 8059
4 5948 5574 5899 8824
4 8161 5627 6451 7839
4 4627 9246 9594 6052
4 7499 2309 8044 480
4 8650 628 3691 5056
4 9390 6149 5875 2879
4 4126 2127 642 7346
4 7152 2848 8617 8293
4 7692 1015 7983 2590
4 8198 2836 1825 3932
4 87 2555 9135 7204
4 1010 6721 6680 3276
4 3029 9719 656 5879
4 6102 6623 7318 3828
4 8247 2125 6215 6645
4 9490 7278 8653 3608
4 2811 900 597 1735
4 6157 1866 289 1847
4 7151 7752 8609 6036
4 8305 7954 178 9471
4 9588 2872 4555 6731
4 1876 9776 3239 8606
4 3973 9580 28 1620
4 9414 4650 6193 3480
4 206 2516 3677 5513
4 1943 9286 5487 931
4 3692 6256 4859 1856
4 1159 7375 1464 8652
4 2538 4170 5824 590
4 4671 1393 6350 8134
4 9852 5815 9382 8578
4 1056 6685 2226 9499
4 1311 3891 4522 9276
4 6703 1632 1205 1819
4 2697 6531 834 3092
4 3527 2999 3132 4496
4 3808 6152 1129 8258
4 4573 5559 7888 307
4 4792 5061 124 5058
4 5981 151 6443 2732
4 6111 7764 1260 4054
4 8434 1994 6984 1877
4 6206 8537 53 6053
4 6741 3895 1718 9238
4 8468 7875 1874 9637
4 4933 7105 142 236
4 5094 1642 8342 2190
4 7475 4725 8684 589
4 9407 3573 8967 4997
4 290 7542 1888 3980
4 1562 6228 2705 4611
4 7734 7512 9799 9165
4 9241 7413 2091 9675
4 2428 1884 4055 4814
4 4857 4865 7610 4442
4 6306 4661 253 7777
4 9748 5371 7884 1704
4 5418 4692 4091 9326
4 9714 9730 3297 4592
4 2490 6651 6676 8035
4 4636 7361 9530 8032
4 4774 7219 9602 6932
4 5710 2241 8907 4703
4 6628 4989 5644 6155
4 7993 7406 4875 9376
4 9761 9864 7286 7659
4 540 1445 2765 2854
4 2020 3924 4066 362
4 6849 1837 3558 5044
4 648 4716 4363 2254
4 735 5517 1282 5794
4 3912 3945 3839 1440
4 4381 5235 2887 6827
4 6557 3654 5035 7526
4 2565 6326 8176 7090
4 3802 7841 8123 1595
4 4187 2461 4506 9976
4 4926 1023 9523 5020
4 7662 4904 898 3553
4 9896 4656 7074 6365
4 2400 9016 6733 7003
4 3531 7594 4771 4089
4 5671 4064 2806 3498
4 8423 7382 6976 3567
4 534 1598 6380 8241
4 4410 9650 6794 5916
4 6366 2081 2006 2457
4 7733 1467 358 5530
4 9922 1406 8333 4559
4 1339 4773 5474 1723
4 3422 5205 1533 7356
4 5389 1332 6289 7374
4 6673 7037 8597 6436
4 2320 5355 960 7683
4 4412 9220 210 1471
4 7432 2375 147 3906
4 9368 5898 2783 6988
4 9453 6800 6076 404
4 3760 4879 8861 33
4 5336 8432 2907 1422
4 7914 9848 489 146
4 9456 9988 909 6361
4 622 1584 1609 5178
4 689 4720 3718 6490
4 4495 6857 6514 4375
4 8019 5457 9468 7821
4 3323 2389 8889 3145
4 4478 8715 5489 4766
4 6778 9879 5086 8938
4 8376 4639 4011 5633
4 2381 7785 3704 7419
4 2462 7534 8648 5551
4 6528 7426 2874 2398
4 7768 8153 3582 9043
4 7818 7943 4452 1021
4 737 7230 7249 8150
4 2401 8898 5869 3617
4 3244 5856 7310 9726
4 6784 9192 8894 9561
4 7530 9361 6340 6016
4 8043 7175 2260 396
4 9684 3595 3914 8823
4 1529 1930 9072 9703
4 3882 1512 3153 3983
4 7592 4057 1922 4026
4 8845 3559 6208 2129
4 150 4953 5467 6870
4 3299 5776 635 8954
4 3352 9631 5901 7917
4 6585 1952 5085 39
4 8299 5461 7013 5380
4 198 5255 8425 8325
4 835 6202 7990 9143
4 3371 9971 2191 3749
4 3966 5920 1090 3985
4 5865 9122 6466 5832
4 8679 4823 6834 1886
4 9222 4467 7454 9429
4 4202 4907 7116 512
4 5522 8746 7770 804
4 8712 5531 3075 3339
4 32 947 8238 5724
4 359 5556 7010 8682
4 3188 9221 9667 1507
4 6649 7956 7596 9549
4 7966 711 1822 3136
4 9062 2134 9802 7689
4 3129 9091 7480 5615
4 3564 9606 149 1761
4 4124 9734 1347 4704
4 6724 2277 3011 678
4 9183 4016 9828 2924
4 45 6184 7220 6700
4 3428 4887 5896 9868
4 3811 7221 170 2167
4 4640 8519 2343 7809
4 5908 6421 300 6574
4 1100 2707 6243 3322
4 1256 2148 7186 4208
4 5756 7970 7876 6873
4 6705 7731 3641 849
4 8276 2024 1382 5566
4 9173 3694 4465 6160
4 0 6811 3991 7964
4 313 5451 6446 8263
4 4514 8632 6264 9096
4 5047 3121 2278 2198
4 5584 6203 2467 5164
4 8196 611 9573 1047
4 471 3020 1908 5939
4 3724 6248 8562 2495
4 6637 9459 4708 5954
4 8264 2672 5166 6903
4 4335 6681 9752 8517
4 4949 6553 8027 1044
4 5277 1157 2983 1174
4 6659 9978 6522 6596
4 7984 8752 8908 6015
4 1199 7975 9891 5657
4 4659 6942 7386 6726
4 7424 8133 1181 9987
4 9299 3681 1179 9583
4 9996 2875 5040 6648
4 1569 5240 8711 4215
4 2367 4992 9210 433
4 3818 708 4340 1411
4 5860 5947 7425 8801
4 9068 3226 3127 1106
4 9328 5449 1593 2337
4 541 5362 5721 7727
4 3203 6017 2062 9038
4 3412 5763 5836 4511
4 6112 7509 5173 4790
4 7384 3517 562 9836
4 9633 6719 1668 2506
4 6022 514 3031 7521
4 8143 8222 2702 4419
4 825 3894 5813 1381
4 1616 4286 6478 9721
4 1840 7500 8210 4456
4 3563 355 8160 204
4 5536 2296 6351 8413
4 6246 8667 4052 8863
4 2025 2601 8202 8696
4 4206 8864 889 1400
4 5157 3105 5496 8828
4 7555 968 9486 608
4 1751 8139 4359 8336
4 1768 465 2120 4958
4 5730 6492 2329 1535
4 6713 1409 4092 2954
4 7877 4742 5872 70
3 8810 4188 6051
3 1012 2159 2437
3 3330 6864 8031
3 3596 6280 6275
3 5198 7751 8977
3 8006 919 9920
3 8876 9995 1843
3 9935 240 3004
3 234 3235 2033
3 530 1321 4858
3 955 4801 4943
3 2578 4228 7633
3 3657 131 5368
3 3809 9198 431
3 3972 9269 456
3 6263 2746 4000
3 6960 430 270
3 8919 5606 7614
3 9418 1640 3926
3 1062 3311 5751
3 5082 9519 8089
3 6576 9187 7729
3 7397 9028 372
3 7924 9716 97
3 8215 8454 9600
3 9768 2661 2786
3 500 1939 2193
3 620 1750 978
3 1330 2604 2949
3 2762 3939 4046
3 5208 7995 9699
3 6008 9332 6698
3 6097 136 1036
3 6964 439 673
3 8137 1980 3956
3 9201 9767 4796
3 9446 1744 2632
3 1259 2072 5191
3 2977 4534 6003
3 4301 6890 5986
3 6161 6761 9656
3 7170 7663 8447
3 8401 2514 9584
3 9086 9431 885
3 9538 1519 3212
3 1475 4942 4221
3 1796 2772 5482
3 2102 2694 6565
3 2713 4798 3590
3 5245 6835 7407
3 6824 6844 8822
3 7457 956 183
3 7991 9398 1649
3 8180 3370 1961
3 9944 3280 8252
3 24 2595 2399
3 1318 2074 6352
3 4104 8383 37
3 6137 3344 1279
3 8326 1694 8435
3 8568 86 3793
3 9413 5752 4635
3 2207 3060 6463
3 4238 5732 4502
3 4387 5666 6450
3 4777 6887 7800
3 6121 6197 7881
3 6809 8859 1983
3 7674 9855 8037
3 7895 2953 4839
3 9075 9083 1546
3 457 2891 5994
3 2297 3822 7554
3 2881 4783 6302
3 7461 1538 9036
3 7471 4358 756
3 7586 602 3543
3 458 1755 3364
3 487 4595 4248
3 4400 6959 6972
3 5168 7357 7724
3 5897 7362 2144
3 6963 8314 8815
3 7320 9009 2903
3 7410 2608 2149
3 7812 3141 4596
3 8900 2596 3052
3 335 4399 5024
3 2210 6311 7094
3 3951 7387 6915
3 4116 7206 8353
3 4434 9047 9137
3 6471 392 8093
3 8766 1371 1536
3 8930 9035 2028
3 9094 801 2785
3 221 2741 3021
3 462 2956 3347
3 2610 6506 3875
3 4339 9578 40
3 4504 9838 1161
3 6332 9564 6353
3 8486 9215 3651
3 9114 2892 1688
3 1678 2837 6127
3 2859 4994 6818
3 3789 6448 5066
3 4069 6925 9659
3 5628 725 7078
3 7602 802 2412
3 7850 168 3887
3 7889 2059 1453
3 31 5181 4982
3 2469 6175 4736
3 4877 842 9709
3 5233 6232 9820
3 6148 8663 1778
3 502 2307 1426
3 739 4097 6328
3 840 1009 2683
3 2685 4688 7959
3 4291 5106 7632
3 5125 6229 7557
3 6944 9394 8028
3 7694 8438 325
3 7859 78 9651
3 8543 644 343
3 8737 393 511
3 9993 2101 2169
3 152 615 639
3 402 3012 4488
3 1220 1959 3318
3 3841 5817 8022
3 4549 5128 9015
3 6699 8576 9678
3 6725 9595 4567
3 7960 9540 1043
3 8426 229 1869
3 9223 5959 5631
3 613 7395 8804
3 2950 7742 4689
3 4787 9489 68
3 5558 4099 6473
3 5719 34 5422
3 793 5676 5882
3 848 5190 2388
3 4031 726 7423
3 6034 8256 1377
3 7803 8643 9227
3 7971 953 1979
3 8950 1080 1807
3 1165 2242 4855
3 2472 3123 3555
3 3679 6315 6952
3 3743 8097 4880
3 3903 7314 4826
3 6746 305 7697
3 7532 413 7631
3 7994 8903 252
3 9957 3515 1167
3 13 467 4723
3 20 579 6005
3 640 1892 6452
3 1270 7132 5850
3 3698 4969 153
3 5443 6225 477
3 5731 2002 1502
3 5881 7430 7581
3 9887 76 2164
3 9892 1590 2669
3 860 2137 4811
3 2215 2304 4298
3 3396 7176 8571
3 3509 6922 4047
3 5212 8629 57
3 5951 3621 6357
3 7666 8398 4173
3 9274 740 2929
3 9475 346 5950
3 3665 4078 6095
3 4267 4750 4451
3 5863 6189 6479
3 6046 6563 293
3 6291 6674 7826
3 7496 1586 2019
3 9280 193 414
3 395 2527 649
3 1369 1549 2358
3 1953 2232 3246
3 2432 2898 4155
3 2629 3233 4922
3 3581 4245 4279
3 4246 5146 7951
3 4554 4679 7036
3 5161 5829 9524
3 7713 8212 949
3 7906 1416 3761
3 9337 4249 2799
3 83 937 1276
3 3146 7024 6210
3 3449 6544 5346
3 3902 5026 6740
3 4662 8986 8206
3 6104 554 568
3 7252 7804 9065
3 7565 8456 8821
3 9830 1084 1286
3 868 1504 2531
3 1194 1650 3261
3 2533 2824 4747
3 2634 3504 6244
3 2751 4030 4311
3 3161 9157 9526
3 3482 7194 4314
3 3838 23 2529
3 5895 9234 2668
3 9313 3748 16
3 444 4653 3773
3 1516 4537 4856
3 1793 3806 5200
3 3263 3431 8229
3 5387 5714 7653
3 6270 6630 7743
3 7197 8675 7813
3 7236 1250 9105
3 8498 1118 9294
3 9543 1032 1514
3 982 1527 1532
3 1031 4176 4328
3 2047 2303 3930
3 3174 3911 4767
3 3332 5401 8277
3 4398 6294 5672
3 4501 6258 9496
3 6664 7018 9635
3 7490 7963 9810
3 8440 8965 9333
3 9458 9488 9692
3 675 3316 4578
3 1201 1986 4841
3 1296 4623 1891
3 1452 2442 5237
3 4001 6245 7150
3 4892 6828 7559
3 4914 9958 8642
3 6612 9551 499
3 6920 9680 2671
3 8201 1606 2264
3 8355 2712 3125
3 8952 2422 4713
3 1027 3824 3880
3 1618 3513 6430
3 2143 5059 5373
3 4935 5175 6744
3 5199 5834 5980
3 6494 6510 8654
3 6569 6693 6962
3 6822 8727 9085
3 6852 8179 8289
3 8729 3407 9260
3 9251 225 365
3 9711 4144 3099
3 459 4447 4898
3 858 4164 7622
3 3747 5641 4775
3 4605 9002 9858
3 5043 8067 8918
3 5769 30 4095
3 6093 8177 2328
3 7761 9022 3147
3 9149 6604 5400
3 115 4407 8235
3 3570 7237 7418
3 5097 7828 7957
3 8593 9272 1898
3 8808 1058 9655
3 8897 1806 2402
3 8981 123 2335
3 185 1951 7600
3 3274 6118 6846
3 3547 6130 7849
3 4562 6600 8382
3 8567 576 9985
3 9181 1669 1865
3 9611 94 3355
3 9624 1978 4558
3 1110 1132 2946
3 2235 2570 6126
3 4156 5831 5098
3 4482 6002 6323
3 5471 6727 7190
3 6398 6766 7048
3 6590 7721 6851
3 8108 8756 9073
3 8472 8978 2046
3 1639 2205 2220
3 2240 2466 4840
3 4197 5077 5442
3 4325 4546 6090
3 4694 6472 7616
3 6078 7315 7868
3 6669 7127 7665
3 6899 7085 7899
3 6993 8340 9771
3 7247 8753 8806
3 7273 896 8388
3 8393 473 1288
3 9927 2582 1835
3 1754 3587 5505
3 2333 2591 5812
3 3078 4804 4489
3 3615 3883 5944
3 5019 6223 6711
3 5041 6304 8372
3 6524 7329 8734
3 7634 9745 9613
3 7693 8129 8572
3 7805 160 516
3 9338 9859 1271
3 899 1848 2911
3 1266 5323 2105
3 1774 4564 6774
3 2216 22 1137
3 2294 7460 1192
3 3506 143 1849
3 8640 419 1313
3 101 3265 3664
3 1212 3878 5140
3 2234 2549 2730
3 3324 3884 5189
3 4172 5460 5613
3 5621 5800 6697
3 5702 6739 6356
3 6560 6990 9877
3 6671 7815 9948
3 7275 9013 9603
3 8573 2754 3038
3 9003 1653 2136
3 1086 4746 3933
3 2199 3281 4308
3 2237 6803 3439
3 4312 7491 5276
3 7121 7123 9134
3 8021 753 558
3 8994 417 2453
3 8996 906 1699
3 2390 2781 4255
3 2793 3402 5171
3 3097 3578 6064
3 3849 5397 7931
3 4217 7686 5268
3 5134 6063 8773
3 6581 9679 381
3 9029 796 1480
3 9261 1127 1488
3 9744 2417 2289
3 550 2016 4136
3 1170 4394 4818
3 1461 3873 4918
3 1656 2268 4196
3 2852 5426 4599
3 3782 5523 5234
3 5598 6023 6595
3 5903 6035 6414
3 6636 6831 7510
3 8084 9844 219
3 8411 159 8716
3 9008 9194 1093
3 9230 472 2444
3 828 2621 1172
3 1624 1783 3888
3 2406 3131 4630
3 2775 3381 3491
3 2951 4613 6096
3 3817 5246 5253
3 4678 7117 8166
3 6132 6261 7400
3 6520 8464 9901
3 7233 7786 8759
3 8049 9759 8789
3 8316 133 1665
3 8793 279 845
3 217 1627 1814
3 893 1867 1985
3 1404 2068 3783
3 2334 3300 4094
3 2731 3262 3965
3 3334 3442 4910
3 5736 6432 7903
3 5770 6227 8633
3 6373 7788 8539
3 6517 6529 7684
3 6953 1208 7309
3 8618 8987 1781
3 218 1801 610
3 1221 3584 2750
3 1836 2281 2711
3 2065 3312 3744
3 2554 2987 4088
3 3401 4479 4487
3 3721 4932 5577
3 4193 6180 5313
3 5391 5398 5917
3 5586 9502 7501
3 5966 7925 7969
3 5972 9534 669
3 8165 401 1899
3 9535 1646 2722
3 9575 990 4894
3 651 3927 1184
3 1904 5064 3445
3 3539 5104 5132
3 3862 6417 8665
3 5370 6586 89
3 6812 7898 7110
3 7371 9200 934
3 7388 7675 1638
3 7980 2464 2947
3 9660 545 2184
3 1292 3947 3076
3 1716 3216 3085
3 2326 3929 4529
3 2376 3124 4428
3 3411 4538 5594
3 4544 5599 7289
3 4981 7672 9882
3 5481 8638 9846
3 7065 9770 144
3 7502 7695 292
3 8694 249 9754
3 9941 163 1130
3 757 1935 827
3 771 977 1299
3 1683 1928 4628
3 2087 2173 2560
3 3017 3521 5345
3 3424 3807 6259
3 4669 5511 7043
3 6405 7907 6770
3 7664 7902 8525
3 8015 9156 304
3 8268 8584 9209
3 8842 207 1120
3 8934 930 2022
3 9356 2480 1469
3 894 1138 1870
3 2050 2057 2567
3 2463 2835 3580
3 2990 3115 4163
3 4833 7096 6307
3 5122 6068 6958
3 6409 6973 6497
3 6805 9140 7177
3 7608 9670 8732
3 7744 316 1209
3 9089 199 2011
3 157 241 4553
3 288 4842 3313
3 618 691 1331
3 3610 3941 4646
3 4149 5429 7223
3 4882 5804 8709
3 6331 7134 7553
3 7014 7962 643
3 7274 8776 2179
3 8273 865 728
3 8853 9860 2564
3 9785 3353 287
3 356 3893 5725
3 2227 4337 3186
3 3178 4948 5514
3 3541 4392 5192
3 6301 6541 7640
3 6425 7163 7544
3 6897 8298 9179
3 7216 7642 9225
3 7878 8886 9152
3 8068 8409 1574
3 8502 9491 1971
3 108 616 819
3 862 1652 1277
3 1227 1841 4468
3 1958 2418 4355
3 2288 2805 5329
3 3006 4226 4714
3 3753 5060 5718
3 4789 5182 5663
3 5206 5254 5578
3 5550 6513 7019
3 6213 8870 7795
3 6387 6904 9367
3 7229 9647 9710
3 7298 7546 9100
3 8534 8645 867
3 9406 733 9863
3 186 1495 2163
3 425 784 3425
3 1809 2563 2841
3 2239 3536 4508
3 3438 3798 5424
3 4143 4634 5658
3 4598 5534 5848
3 5612 5825 6087
3 5741 6796 6629
3 5952 7087 8310
3 6814 7948 9329
3 8141 9172 226
3 8740 8941 9617
3 9232 9870 348
3 9553 9885 1376
3 347 378 1479
3 769 800 2689
3 1563 1661 1700
3 1615 2201 2435
3 2318 2344 4693
3 2577 3209 3712
3 3208 5573 6484
3 3812 4791 5510
3 5611 5958 8564
3 5771 9423 9590
3 6620 9570 128
3 7091 7349 789
3 7556 1099 9158
3 9582 383 189
3 719 1403 2152
3 1685 3917 4518
3 4290 4906 6253
3 4403 6748 7365
3 4726 7434 7441
3 4986 7333 7799
3 6125 8309 8321
3 8103 8771 9314
3 9346 9862 415
3 9555 9876 441
3 349 1196 958
3 633 1494 3213
3 1131 1235 1788
3 1909 2451 2586
3 1949 4939 5183
2 2012 4211
2 2470 5316
2 4709 5409
2 5294 6692
2 6701 6917
2 7060 7140
2 7459 7541
2 7580 7758
2 7835 8493
2 7946 8086
2 8064 9954
2 8347 863
2 9205 703
2 9819 203
2 291 361
2 831 1188
2 1119 1180
2 1230 1284
2 1679 1799
2 1868 2878
2 1993 2382
2 2356 2550
2 3327 3784
2 3859 5343
2 3860 4996
2 3949 5148
2 5379 8686
2 6279 6456
2 6457 8080
2 8282 8960
2 8379 9737
2 9323 4
2 280 693
2 388 405
2 509 782
2 935 1335
2 1105 2384
2 1323 1611
2 1732 1818
2 2035 2483
2 2498 4621
2 3247 3821
2 5410 6843
2 5694 7507
2 5779 8406
2 7479 7669
2 7807 7965
2 8412 227
2 8726 9372
2 8875 1046
2 9999 200
2 258 1111
2 268 2324
2 922 1074
2 1133 2378
2 1135 2789
2 2579 3394
2 3787 4254
2 4330 4344
2 4632 4633
2 4664 4675
2 4734 4950
2 5051 5833
2 5699 6085
2 6233 7307
2 6407 8970
2 7251 318
2 7753 8784
2 8410 8985
2 8955 9102
2 9663 662
2 9807 376
2 811 983
2 1029 1553
2 1987 2086
2 2311 2373
2 2386 2405
2 2541 2942
2 3292 4107
2 3386 3639
2 3389 3922
2 4461 4979
2 5356 6500
2 5844 5977
2 6635 7791
2 6983 8523
2 7667 8461
2 8791 9636
2 9604 342
2 9701 9724
2 9742 173
2 491 741
2 794 2030
2 2410 2508
2 2676 2715
2 3199 3385
2 3827 4425
2 4371 7322
2 5005 5177
2 5327 6158
2 6371 6434
2 7092 7399
2 8164 8602
2 8374 8491
2 8731 9162
2 9148 9186
2 9533 9557
2 9632 621
2 9644 9717
2 409 872
2 1534 1918
2 1992 2883
2 2825 3008
2 3756 3819
2 3866 4220
2 4273 4369
2 4810 5413
2 5187 5266
2 5885 6242
2 6254 6420
2 6647 7627
2 7340 7820
2 7706 7992
2 8136 8872
2 8725 821
2 9342 9773
2 69 917
2 148 984
2 195 1206
2 1045 1329
2 1063 1415
2 1439 2934
2 1554 1705
2 1897 1969
2 2747 3225
2 3267 3799
2 3794 3935
2 4323 4978
2 4435 4651
2 5073 5210
2 5399 5643
2 5957 6678
2 7069 8857
2 7228 7636
2 7712 7832
2 9282 312
2 9609 435
2 9977 483
2 437 605
2 508 652
2 901 1610
2 1731 2172
2 2166 2427
2 2503 3058
2 2803 2873
2 2884 3144
2 3227 3466
2 3474 4237
2 3620 4260
2 4032 4103
2 4214 4356
2 4535 5045
2 4807 5167
2 5265 5361
2 5470 5840
2 5853 5883
2 5979 6234
2 6174 6499
2 6480 7033
2 7093 7243
2 7165 7393
2 7264 7938
2 7276 7736
2 7408 8613
2 7547 9963
2 8728 8879
2 8758 194
2 9159 9327
2 9362 1654
2 179 2330
2 987 2425
2 1305 2996
2 2500 3636
2 4224 5350
2 4372 4758
2 4822 4860
2 5340 5745
2 5508 6077
2 6654 6841
2 6675 6901
2 7097 7172
2 7416 7588
2 7793 8142
2 7915 8395
2 8507 8535
2 8570 8778
2 8770 9070
2 8780 9011
2 9775 9787
2 9822 111
2 118 184
2 192 209
2 303 1142
2 596 2170
2 2206 3476
2 2556 3082
2 2769 3530
2 3879 4891
2 3984 4732
2 4577 6853
2 4890 4972
2 6187 7059
2 7427 7789
2 7639 8144
2 8117 8311
2 8786 9749
2 8877 9380
2 9415 729
2 478 482
2 1614 1728
2 1831 2520
2 3044 3189
2 3777 4175
2 4285 4376
2 5067 7086
2 5107 5557
2 5279 6128
2 6141 7098
2 7561 7856
2 7578 7883
2 7942 8038
2 8114 8961
2 8224 8405
2 8361 8417
2 8975 9264
2 9218 9571
2 9421 9931
2 121 274
2 230 908
2 1485 1695
2 1517 2512
2 1972 2771
2 2485 2808
2 2812 4523
2 2974 3716
2 3493 3717
2 3727 4952
2 4724 5747
2 5696 6614
2 5906 5993
2 5983 6902
2 6156 6308
2 6411 7075
2 7590 7741
2 8061 8244
2 8135 9556
2 8272 9436
2 156 1350
2 781 1496
2 1625 3685
2 2039 2098
2 4232 4470
2 4699 4899
2 5483 6177
2 5504 6682
2 6559 7077
2 6720 6833
2 6937 7045
2 7187 7483
2 7606 7847
2 8002 8462
2 8009 256
2 8075 8530
2 9031 9793
2 61 311
2 424 507
2 574 833
2 1177 1226
2 1283 1937
2 1749 2110
2 2271 2272
2 2532 2602
2 2827 3635
2 4063 4098
2 4333 4845
2 5213 5304
2 5533 5727
2 5617 5870
2 6265 6429
2 6428 6545
2 6607 7730
2 7017 7864
2 8011 8045
2 8110 8561
2 8220 8542
2 8500 9736
2 8698 8797
2 8880 81
2 9126 428
2 682 866
2 795 1006
2 1171 1326
2 1501 1513
2 1634 1753
2 1696 1917
2 1804 1984
2 2231 2298
2 2447 3023
2 2657 4297
2 3053 3059
2 3108 3690
2 3307 4427
2 4440 5158
2 4588 4876
2 4913 5023
2 4966 4980
2 5260 5262
2 5377 5382
2 5783 5938
2 6026 7248
2 6971 7404
2 7068 8494
2 7337 7533
2 7550 8556
2 8159 8635
2 8868 9301
2 9357 9686
2 9457 406
2 9498 803
2 538 1166
2 903 1622
2 959 1703
2 1789 2252
2 3268 3993
2 3469 5480
2 4262 4305
2 5008 5754
2 5907 6551
2 6075 6293
2 6539 6998
2 7022 7138
2 7030 7292
2 7139 7367
2 7682 7711
2 7830 7833
2 7929 8190
2 8441 8473
2 8850 8924
2 9007 9296
2 9521 9910
2 9932 182
2 1275 1762
2 1307 2583
2 1932 2357
2 2310 2393
2 2673 3266
2 2900 3361
2 3205 4591
2 3534 3846
2 4770 5472
2 5585 5910
2 5632 6021
2 6098 6237
2 6257 8555
2 6412 6617
2 7067 7584
2 7453 7514
2 8592 8968
2 9823 658
2 603 668
2 1149 1191
2 1824 2138
2 2645 3286
2 3154 3416
2 3705 4060
2 3854 3963
2 4019 4048
2 4283 4453
2 4793 4893
2 4830 4923
2 4843 5693
2 4851 5010
2 5281 5900
2 5926 6848
2 6393 6519
2 6533 6799
2 6859 7102
2 7129 7688
2 7281 9042
2 7523 9577
2 9044 9698
2 9548 25
2 224 275
2 341 452
2 698 1190
2 921 1612
2 1770 1878
2 2026 2385
2 2546 2664
2 2899 3382
2 2928 2961
2 3169 3810
2 3591 3994
2 3611 3803
2 4236 4911
2 4571 5100
2 5430 6222
2 5640 6040
2 6454 6643
2 6961 7574
2 7000 8001
2 7071 7985
2 7658 9297
2 8085 8541
2 9189 9411
2 9311 27
2 9861 238
2 9914 54
2 319 468
2 526 582
2 659 746
2 886 972
2 1302 2153
2 1775 2656
2 2280 2662
2 2709 3454
2 3523 3619
2 3696 4009
2 3719 3990
2 4691 5809
2 5538 5838
2 5828 6119
2 6031 6185
2 6195 6334
2 6290 7852
2 6509 6592
2 6862 6923
2 7782 7890
2 8000 8231
2 8334 9146
2 8554 9059
2 9101 9229
2 9204 9270
2 9554 180
2 9972 412
2 999 1134
2 1316 1777
2 1667 1873
2 2038 2980
2 2525 3156
2 3413 3754
2 4209 4821
2 4525 5386
2 5549 5635
2 6199 6516
2 6283 6391
2 6491 6772
2 6850 7504
2 7011 8109
2 7261 7488
2 8034 9024
2 8118 9825
2 9720 379
2 9933 422
2 573 1087
2 1237 1725
2 1308 2010
2 1880 2154
2 2758 3645
2 3383 3843
2 4034 4252
2 4132 4520
2 4174 4556
2 4581 4987
2 4705 5257
2 5014 5227
2 5697 5778
2 5859 6163
2 5949 6792
2 7222 8098
2 8318 8546
2 8344 8508
2 8757 9336
2 9150 9400
2 154 533
2 360 583
2 911 1290
2 986 1374
2 1401 1664
2 1915 1964
2 2431 2733
2 2706 2858
2 3201 3628
2 3340 3643
2 3546 4062
2 3788 4438
2 4976 5049
2 5029 5108
2 5153 5342
2 5406 5466
2 5527 5539
2 5619 5820
2 6631 7005
2 7042 7822
